<?xml version="1.0" encoding="UTF-8"?>
<testng-results ignored="0" total="1" passed="0" failed="0" skipped="1">
  <reporter-output>
  </reporter-output>
  <suite started-at="2020-09-15T15:29:39 IST" name="Default suite" finished-at="2020-09-15T15:29:49 IST" duration-ms="10617">
    <groups>
    </groups>
    <test started-at="2020-09-15T15:29:39 IST" name="Default test" finished-at="2020-09-15T15:29:49 IST" duration-ms="10617">
      <class name="com.actitime.testscript.CreateCustomer">
        <test-method is-config="true" signature="openBrowser()[pri:0, instance:com.actitime.testscript.CreateCustomer@3a6bb9bf]" started-at="2020-09-15T15:29:39 IST" name="openBrowser" finished-at="2020-09-15T15:29:49 IST" duration-ms="10475" status="FAIL">
          <exception class="org.openqa.selenium.SessionNotCreatedException">
            <message>
              <![CDATA[session not created
from disconnected: received Inspector.detached event
  (Session info: chrome=85.0.4183.102)
Build info: version: '3.141.59', revision: 'e82be7d358', time: '2018-11-14T08:17:03'
System info: host: 'DESKTOP-EHCAT36', ip: '192.168.43.228', os.name: 'Windows 10', os.arch: 'amd64', os.version: '10.0', java.version: '11.0.8'
Driver info: driver.version: ChromeDriver
remote stacktrace: Backtrace:
Ordinal0 [0x00DFD383+3134339]
Ordinal0 [0x00CEA171+2007409]
Ordinal0 [0x00B8AEE8+569064]
Ordinal0 [0x00B7FCDD+523485]
Ordinal0 [0x00B7F9E9+522729]
Ordinal0 [0x00B7F0FA+520442]
Ordinal0 [0x00B7E542+517442]
Ordinal0 [0x00B7E935+518453]
Ordinal0 [0x00B7E265+516709]
Ordinal0 [0x00B87551+554321]
Ordinal0 [0x00B7E214+516628]
Ordinal0 [0x00B7EF25+519973]
Ordinal0 [0x00B7E542+517442]
Ordinal0 [0x00B7E935+518453]
Ordinal0 [0x00B7E265+516709]
Ordinal0 [0x00B858DE+547038]
Ordinal0 [0x00B7E214+516628]
Ordinal0 [0x00B7EF25+519973]
Ordinal0 [0x00B7E542+517442]
Ordinal0 [0x00B7E935+518453]
Ordinal0 [0x00B7E265+516709]
Ordinal0 [0x00B83BF6+539638]
Ordinal0 [0x00B7E214+516628]
Ordinal0 [0x00B7EF25+519973]
Ordinal0 [0x00B7E542+517442]
Ordinal0 [0x00B7E935+518453]
Ordinal0 [0x00B7E265+516709]
Ordinal0 [0x00B82F37+536375]
Ordinal0 [0x00B7E214+516628]
Ordinal0 [0x00B7EF25+519973]
Ordinal0 [0x00B7E542+517442]
Ordinal0 [0x00B7E935+518453]
Ordinal0 [0x00B7E265+516709]
Ordinal0 [0x00B7AB7C+502652]
Ordinal0 [0x00B7E214+516628]
Ordinal0 [0x00B7DF81+515969]
Ordinal0 [0x00B8BF70+573296]
Ordinal0 [0x00B31916+203030]
Ordinal0 [0x00B30C1D+199709]
Ordinal0 [0x00B2EB0B+191243]
Ordinal0 [0x00B12E77+77431]
Ordinal0 [0x00B13E3E+81470]
Ordinal0 [0x00B13DC9+81353]
Ordinal0 [0x00D00CD9+2100441]
GetHandleVerifier [0x00F6B75A+1396954]
GetHandleVerifier [0x00F6B3D9+1396057]
GetHandleVerifier [0x00F77126+1444518]
GetHandleVerifier [0x00F6BCE8+1398376]
Ordinal0 [0x00CF7F51+2064209]
Ordinal0 [0x00D022EB+2106091]
Ordinal0 [0x00D02411+2106385]
Ordinal0 [0x00D149C4+2181572]
BaseThreadInitThunk [0x7698F989+25]
RtlGetAppContainerNamedObjectPath [0x77DC7084+228]
RtlGetAppContainerNamedObjectPath [0x77DC7054+180]
]]>
            </message>
            <full-stacktrace>
              <![CDATA[org.openqa.selenium.SessionNotCreatedException: session not created
from disconnected: received Inspector.detached event
  (Session info: chrome=85.0.4183.102)
Build info: version: '3.141.59', revision: 'e82be7d358', time: '2018-11-14T08:17:03'
System info: host: 'DESKTOP-EHCAT36', ip: '192.168.43.228', os.name: 'Windows 10', os.arch: 'amd64', os.version: '10.0', java.version: '11.0.8'
Driver info: driver.version: ChromeDriver
remote stacktrace: Backtrace:
Ordinal0 [0x00DFD383+3134339]
Ordinal0 [0x00CEA171+2007409]
Ordinal0 [0x00B8AEE8+569064]
Ordinal0 [0x00B7FCDD+523485]
Ordinal0 [0x00B7F9E9+522729]
Ordinal0 [0x00B7F0FA+520442]
Ordinal0 [0x00B7E542+517442]
Ordinal0 [0x00B7E935+518453]
Ordinal0 [0x00B7E265+516709]
Ordinal0 [0x00B87551+554321]
Ordinal0 [0x00B7E214+516628]
Ordinal0 [0x00B7EF25+519973]
Ordinal0 [0x00B7E542+517442]
Ordinal0 [0x00B7E935+518453]
Ordinal0 [0x00B7E265+516709]
Ordinal0 [0x00B858DE+547038]
Ordinal0 [0x00B7E214+516628]
Ordinal0 [0x00B7EF25+519973]
Ordinal0 [0x00B7E542+517442]
Ordinal0 [0x00B7E935+518453]
Ordinal0 [0x00B7E265+516709]
Ordinal0 [0x00B83BF6+539638]
Ordinal0 [0x00B7E214+516628]
Ordinal0 [0x00B7EF25+519973]
Ordinal0 [0x00B7E542+517442]
Ordinal0 [0x00B7E935+518453]
Ordinal0 [0x00B7E265+516709]
Ordinal0 [0x00B82F37+536375]
Ordinal0 [0x00B7E214+516628]
Ordinal0 [0x00B7EF25+519973]
Ordinal0 [0x00B7E542+517442]
Ordinal0 [0x00B7E935+518453]
Ordinal0 [0x00B7E265+516709]
Ordinal0 [0x00B7AB7C+502652]
Ordinal0 [0x00B7E214+516628]
Ordinal0 [0x00B7DF81+515969]
Ordinal0 [0x00B8BF70+573296]
Ordinal0 [0x00B31916+203030]
Ordinal0 [0x00B30C1D+199709]
Ordinal0 [0x00B2EB0B+191243]
Ordinal0 [0x00B12E77+77431]
Ordinal0 [0x00B13E3E+81470]
Ordinal0 [0x00B13DC9+81353]
Ordinal0 [0x00D00CD9+2100441]
GetHandleVerifier [0x00F6B75A+1396954]
GetHandleVerifier [0x00F6B3D9+1396057]
GetHandleVerifier [0x00F77126+1444518]
GetHandleVerifier [0x00F6BCE8+1398376]
Ordinal0 [0x00CF7F51+2064209]
Ordinal0 [0x00D022EB+2106091]
Ordinal0 [0x00D02411+2106385]
Ordinal0 [0x00D149C4+2181572]
BaseThreadInitThunk [0x7698F989+25]
RtlGetAppContainerNamedObjectPath [0x77DC7084+228]
RtlGetAppContainerNamedObjectPath [0x77DC7054+180]

at java.base/jdk.internal.reflect.NativeConstructorAccessorImpl.newInstance0(Native Method)
at java.base/jdk.internal.reflect.NativeConstructorAccessorImpl.newInstance(NativeConstructorAccessorImpl.java:62)
at java.base/jdk.internal.reflect.DelegatingConstructorAccessorImpl.newInstance(DelegatingConstructorAccessorImpl.java:45)
at java.base/java.lang.reflect.Constructor.newInstance(Constructor.java:490)
at org.openqa.selenium.remote.W3CHandshakeResponse.lambda$errorHandler$0(W3CHandshakeResponse.java:62)
at org.openqa.selenium.remote.HandshakeResponse.lambda$getResponseFunction$0(HandshakeResponse.java:30)
at org.openqa.selenium.remote.ProtocolHandshake.lambda$createSession$0(ProtocolHandshake.java:126)
at java.base/java.util.stream.ReferencePipeline$3$1.accept(ReferencePipeline.java:195)
at java.base/java.util.Spliterators$ArraySpliterator.tryAdvance(Spliterators.java:958)
at java.base/java.util.stream.ReferencePipeline.forEachWithCancel(ReferencePipeline.java:127)
at java.base/java.util.stream.AbstractPipeline.copyIntoWithCancel(AbstractPipeline.java:502)
at java.base/java.util.stream.AbstractPipeline.copyInto(AbstractPipeline.java:488)
at java.base/java.util.stream.AbstractPipeline.wrapAndCopyInto(AbstractPipeline.java:474)
at java.base/java.util.stream.FindOps$FindOp.evaluateSequential(FindOps.java:150)
at java.base/java.util.stream.AbstractPipeline.evaluate(AbstractPipeline.java:234)
at java.base/java.util.stream.ReferencePipeline.findFirst(ReferencePipeline.java:543)
at org.openqa.selenium.remote.ProtocolHandshake.createSession(ProtocolHandshake.java:128)
at org.openqa.selenium.remote.ProtocolHandshake.createSession(ProtocolHandshake.java:74)
at org.openqa.selenium.remote.HttpCommandExecutor.execute(HttpCommandExecutor.java:136)
at org.openqa.selenium.remote.service.DriverCommandExecutor.execute(DriverCommandExecutor.java:83)
at org.openqa.selenium.remote.RemoteWebDriver.execute(RemoteWebDriver.java:552)
at org.openqa.selenium.remote.RemoteWebDriver.startSession(RemoteWebDriver.java:213)
at org.openqa.selenium.remote.RemoteWebDriver.<init>(RemoteWebDriver.java:131)
at org.openqa.selenium.chrome.ChromeDriver.<init>(ChromeDriver.java:181)
at org.openqa.selenium.chrome.ChromeDriver.<init>(ChromeDriver.java:168)
at org.openqa.selenium.chrome.ChromeDriver.<init>(ChromeDriver.java:123)
at com.actitime.generics.BaseClass.openBrowser(BaseClass.java:26)
at java.base/jdk.internal.reflect.NativeMethodAccessorImpl.invoke0(Native Method)
at java.base/jdk.internal.reflect.NativeMethodAccessorImpl.invoke(NativeMethodAccessorImpl.java:62)
at java.base/jdk.internal.reflect.DelegatingMethodAccessorImpl.invoke(DelegatingMethodAccessorImpl.java:43)
at java.base/java.lang.reflect.Method.invoke(Method.java:566)
at org.testng.internal.MethodInvocationHelper.invokeMethod(MethodInvocationHelper.java:132)
at org.testng.internal.MethodInvocationHelper.invokeMethodConsideringTimeout(MethodInvocationHelper.java:61)
at org.testng.internal.ConfigInvoker.invokeConfigurationMethod(ConfigInvoker.java:366)
at org.testng.internal.ConfigInvoker.invokeConfigurations(ConfigInvoker.java:320)
at org.testng.TestRunner.invokeTestConfigurations(TestRunner.java:617)
at org.testng.TestRunner.beforeRun(TestRunner.java:607)
at org.testng.TestRunner.run(TestRunner.java:578)
at org.testng.SuiteRunner.runTest(SuiteRunner.java:384)
at org.testng.SuiteRunner.runSequentially(SuiteRunner.java:378)
at org.testng.SuiteRunner.privateRun(SuiteRunner.java:337)
at org.testng.SuiteRunner.run(SuiteRunner.java:286)
at org.testng.SuiteRunnerWorker.runSuite(SuiteRunnerWorker.java:53)
at org.testng.SuiteRunnerWorker.run(SuiteRunnerWorker.java:96)
at org.testng.TestNG.runSuitesSequentially(TestNG.java:1218)
at org.testng.TestNG.runSuitesLocally(TestNG.java:1140)
at org.testng.TestNG.runSuites(TestNG.java:1069)
at org.testng.TestNG.run(TestNG.java:1037)
at org.testng.remote.AbstractRemoteTestNG.run(AbstractRemoteTestNG.java:115)
at org.testng.remote.RemoteTestNG.initAndRun(RemoteTestNG.java:251)
at org.testng.remote.RemoteTestNG.main(RemoteTestNG.java:77)
]]>
            </full-stacktrace>
          </exception> <!-- org.openqa.selenium.SessionNotCreatedException -->
          <reporter-output>
          </reporter-output>
        </test-method> <!-- openBrowser -->
        <test-method is-config="true" signature="login()[pri:0, instance:com.actitime.testscript.CreateCustomer@3a6bb9bf]" started-at="2020-09-15T15:29:49 IST" name="login" finished-at="1970-01-01T05:30:00 IST" duration-ms="-1600163989759" status="SKIP">
          <reporter-output>
          </reporter-output>
        </test-method> <!-- login -->
        <test-method signature="testCreateCustomer()[pri:0, instance:com.actitime.testscript.CreateCustomer@3a6bb9bf]" started-at="2020-09-15T15:29:49 IST" name="testCreateCustomer" finished-at="2020-09-15T15:29:49 IST" duration-ms="0" status="SKIP">
          <exception class="org.openqa.selenium.SessionNotCreatedException">
            <message>
              <![CDATA[session not created
from disconnected: received Inspector.detached event
  (Session info: chrome=85.0.4183.102)
Build info: version: '3.141.59', revision: 'e82be7d358', time: '2018-11-14T08:17:03'
System info: host: 'DESKTOP-EHCAT36', ip: '192.168.43.228', os.name: 'Windows 10', os.arch: 'amd64', os.version: '10.0', java.version: '11.0.8'
Driver info: driver.version: ChromeDriver
remote stacktrace: Backtrace:
Ordinal0 [0x00DFD383+3134339]
Ordinal0 [0x00CEA171+2007409]
Ordinal0 [0x00B8AEE8+569064]
Ordinal0 [0x00B7FCDD+523485]
Ordinal0 [0x00B7F9E9+522729]
Ordinal0 [0x00B7F0FA+520442]
Ordinal0 [0x00B7E542+517442]
Ordinal0 [0x00B7E935+518453]
Ordinal0 [0x00B7E265+516709]
Ordinal0 [0x00B87551+554321]
Ordinal0 [0x00B7E214+516628]
Ordinal0 [0x00B7EF25+519973]
Ordinal0 [0x00B7E542+517442]
Ordinal0 [0x00B7E935+518453]
Ordinal0 [0x00B7E265+516709]
Ordinal0 [0x00B858DE+547038]
Ordinal0 [0x00B7E214+516628]
Ordinal0 [0x00B7EF25+519973]
Ordinal0 [0x00B7E542+517442]
Ordinal0 [0x00B7E935+518453]
Ordinal0 [0x00B7E265+516709]
Ordinal0 [0x00B83BF6+539638]
Ordinal0 [0x00B7E214+516628]
Ordinal0 [0x00B7EF25+519973]
Ordinal0 [0x00B7E542+517442]
Ordinal0 [0x00B7E935+518453]
Ordinal0 [0x00B7E265+516709]
Ordinal0 [0x00B82F37+536375]
Ordinal0 [0x00B7E214+516628]
Ordinal0 [0x00B7EF25+519973]
Ordinal0 [0x00B7E542+517442]
Ordinal0 [0x00B7E935+518453]
Ordinal0 [0x00B7E265+516709]
Ordinal0 [0x00B7AB7C+502652]
Ordinal0 [0x00B7E214+516628]
Ordinal0 [0x00B7DF81+515969]
Ordinal0 [0x00B8BF70+573296]
Ordinal0 [0x00B31916+203030]
Ordinal0 [0x00B30C1D+199709]
Ordinal0 [0x00B2EB0B+191243]
Ordinal0 [0x00B12E77+77431]
Ordinal0 [0x00B13E3E+81470]
Ordinal0 [0x00B13DC9+81353]
Ordinal0 [0x00D00CD9+2100441]
GetHandleVerifier [0x00F6B75A+1396954]
GetHandleVerifier [0x00F6B3D9+1396057]
GetHandleVerifier [0x00F77126+1444518]
GetHandleVerifier [0x00F6BCE8+1398376]
Ordinal0 [0x00CF7F51+2064209]
Ordinal0 [0x00D022EB+2106091]
Ordinal0 [0x00D02411+2106385]
Ordinal0 [0x00D149C4+2181572]
BaseThreadInitThunk [0x7698F989+25]
RtlGetAppContainerNamedObjectPath [0x77DC7084+228]
RtlGetAppContainerNamedObjectPath [0x77DC7054+180]
]]>
            </message>
            <full-stacktrace>
              <![CDATA[org.openqa.selenium.SessionNotCreatedException: session not created
from disconnected: received Inspector.detached event
  (Session info: chrome=85.0.4183.102)
Build info: version: '3.141.59', revision: 'e82be7d358', time: '2018-11-14T08:17:03'
System info: host: 'DESKTOP-EHCAT36', ip: '192.168.43.228', os.name: 'Windows 10', os.arch: 'amd64', os.version: '10.0', java.version: '11.0.8'
Driver info: driver.version: ChromeDriver
remote stacktrace: Backtrace:
Ordinal0 [0x00DFD383+3134339]
Ordinal0 [0x00CEA171+2007409]
Ordinal0 [0x00B8AEE8+569064]
Ordinal0 [0x00B7FCDD+523485]
Ordinal0 [0x00B7F9E9+522729]
Ordinal0 [0x00B7F0FA+520442]
Ordinal0 [0x00B7E542+517442]
Ordinal0 [0x00B7E935+518453]
Ordinal0 [0x00B7E265+516709]
Ordinal0 [0x00B87551+554321]
Ordinal0 [0x00B7E214+516628]
Ordinal0 [0x00B7EF25+519973]
Ordinal0 [0x00B7E542+517442]
Ordinal0 [0x00B7E935+518453]
Ordinal0 [0x00B7E265+516709]
Ordinal0 [0x00B858DE+547038]
Ordinal0 [0x00B7E214+516628]
Ordinal0 [0x00B7EF25+519973]
Ordinal0 [0x00B7E542+517442]
Ordinal0 [0x00B7E935+518453]
Ordinal0 [0x00B7E265+516709]
Ordinal0 [0x00B83BF6+539638]
Ordinal0 [0x00B7E214+516628]
Ordinal0 [0x00B7EF25+519973]
Ordinal0 [0x00B7E542+517442]
Ordinal0 [0x00B7E935+518453]
Ordinal0 [0x00B7E265+516709]
Ordinal0 [0x00B82F37+536375]
Ordinal0 [0x00B7E214+516628]
Ordinal0 [0x00B7EF25+519973]
Ordinal0 [0x00B7E542+517442]
Ordinal0 [0x00B7E935+518453]
Ordinal0 [0x00B7E265+516709]
Ordinal0 [0x00B7AB7C+502652]
Ordinal0 [0x00B7E214+516628]
Ordinal0 [0x00B7DF81+515969]
Ordinal0 [0x00B8BF70+573296]
Ordinal0 [0x00B31916+203030]
Ordinal0 [0x00B30C1D+199709]
Ordinal0 [0x00B2EB0B+191243]
Ordinal0 [0x00B12E77+77431]
Ordinal0 [0x00B13E3E+81470]
Ordinal0 [0x00B13DC9+81353]
Ordinal0 [0x00D00CD9+2100441]
GetHandleVerifier [0x00F6B75A+1396954]
GetHandleVerifier [0x00F6B3D9+1396057]
GetHandleVerifier [0x00F77126+1444518]
GetHandleVerifier [0x00F6BCE8+1398376]
Ordinal0 [0x00CF7F51+2064209]
Ordinal0 [0x00D022EB+2106091]
Ordinal0 [0x00D02411+2106385]
Ordinal0 [0x00D149C4+2181572]
BaseThreadInitThunk [0x7698F989+25]
RtlGetAppContainerNamedObjectPath [0x77DC7084+228]
RtlGetAppContainerNamedObjectPath [0x77DC7054+180]

at java.base/jdk.internal.reflect.NativeConstructorAccessorImpl.newInstance0(Native Method)
at java.base/jdk.internal.reflect.NativeConstructorAccessorImpl.newInstance(NativeConstructorAccessorImpl.java:62)
at java.base/jdk.internal.reflect.DelegatingConstructorAccessorImpl.newInstance(DelegatingConstructorAccessorImpl.java:45)
at java.base/java.lang.reflect.Constructor.newInstance(Constructor.java:490)
at org.openqa.selenium.remote.W3CHandshakeResponse.lambda$errorHandler$0(W3CHandshakeResponse.java:62)
at org.openqa.selenium.remote.HandshakeResponse.lambda$getResponseFunction$0(HandshakeResponse.java:30)
at org.openqa.selenium.remote.ProtocolHandshake.lambda$createSession$0(ProtocolHandshake.java:126)
at java.base/java.util.stream.ReferencePipeline$3$1.accept(ReferencePipeline.java:195)
at java.base/java.util.Spliterators$ArraySpliterator.tryAdvance(Spliterators.java:958)
at java.base/java.util.stream.ReferencePipeline.forEachWithCancel(ReferencePipeline.java:127)
at java.base/java.util.stream.AbstractPipeline.copyIntoWithCancel(AbstractPipeline.java:502)
at java.base/java.util.stream.AbstractPipeline.copyInto(AbstractPipeline.java:488)
at java.base/java.util.stream.AbstractPipeline.wrapAndCopyInto(AbstractPipeline.java:474)
at java.base/java.util.stream.FindOps$FindOp.evaluateSequential(FindOps.java:150)
at java.base/java.util.stream.AbstractPipeline.evaluate(AbstractPipeline.java:234)
at java.base/java.util.stream.ReferencePipeline.findFirst(ReferencePipeline.java:543)
at org.openqa.selenium.remote.ProtocolHandshake.createSession(ProtocolHandshake.java:128)
at org.openqa.selenium.remote.ProtocolHandshake.createSession(ProtocolHandshake.java:74)
at org.openqa.selenium.remote.HttpCommandExecutor.execute(HttpCommandExecutor.java:136)
at org.openqa.selenium.remote.service.DriverCommandExecutor.execute(DriverCommandExecutor.java:83)
at org.openqa.selenium.remote.RemoteWebDriver.execute(RemoteWebDriver.java:552)
at org.openqa.selenium.remote.RemoteWebDriver.startSession(RemoteWebDriver.java:213)
at org.openqa.selenium.remote.RemoteWebDriver.<init>(RemoteWebDriver.java:131)
at org.openqa.selenium.chrome.ChromeDriver.<init>(ChromeDriver.java:181)
at org.openqa.selenium.chrome.ChromeDriver.<init>(ChromeDriver.java:168)
at org.openqa.selenium.chrome.ChromeDriver.<init>(ChromeDriver.java:123)
at com.actitime.generics.BaseClass.openBrowser(BaseClass.java:26)
at java.base/jdk.internal.reflect.NativeMethodAccessorImpl.invoke0(Native Method)
at java.base/jdk.internal.reflect.NativeMethodAccessorImpl.invoke(NativeMethodAccessorImpl.java:62)
at java.base/jdk.internal.reflect.DelegatingMethodAccessorImpl.invoke(DelegatingMethodAccessorImpl.java:43)
at java.base/java.lang.reflect.Method.invoke(Method.java:566)
at org.testng.internal.MethodInvocationHelper.invokeMethod(MethodInvocationHelper.java:132)
at org.testng.internal.MethodInvocationHelper.invokeMethodConsideringTimeout(MethodInvocationHelper.java:61)
at org.testng.internal.ConfigInvoker.invokeConfigurationMethod(ConfigInvoker.java:366)
at org.testng.internal.ConfigInvoker.invokeConfigurations(ConfigInvoker.java:320)
at org.testng.TestRunner.invokeTestConfigurations(TestRunner.java:617)
at org.testng.TestRunner.beforeRun(TestRunner.java:607)
at org.testng.TestRunner.run(TestRunner.java:578)
at org.testng.SuiteRunner.runTest(SuiteRunner.java:384)
at org.testng.SuiteRunner.runSequentially(SuiteRunner.java:378)
at org.testng.SuiteRunner.privateRun(SuiteRunner.java:337)
at org.testng.SuiteRunner.run(SuiteRunner.java:286)
at org.testng.SuiteRunnerWorker.runSuite(SuiteRunnerWorker.java:53)
at org.testng.SuiteRunnerWorker.run(SuiteRunnerWorker.java:96)
at org.testng.TestNG.runSuitesSequentially(TestNG.java:1218)
at org.testng.TestNG.runSuitesLocally(TestNG.java:1140)
at org.testng.TestNG.runSuites(TestNG.java:1069)
at org.testng.TestNG.run(TestNG.java:1037)
at org.testng.remote.AbstractRemoteTestNG.run(AbstractRemoteTestNG.java:115)
at org.testng.remote.RemoteTestNG.initAndRun(RemoteTestNG.java:251)
at org.testng.remote.RemoteTestNG.main(RemoteTestNG.java:77)
]]>
            </full-stacktrace>
          </exception> <!-- org.openqa.selenium.SessionNotCreatedException -->
          <reporter-output>
          </reporter-output>
        </test-method> <!-- testCreateCustomer -->
        <test-method is-config="true" signature="logout()[pri:0, instance:com.actitime.testscript.CreateCustomer@3a6bb9bf]" started-at="2020-09-15T15:29:49 IST" name="logout" finished-at="1970-01-01T05:30:00 IST" duration-ms="-1600163989772" status="SKIP">
          <reporter-output>
          </reporter-output>
        </test-method> <!-- logout -->
        <test-method is-config="true" signature="closeBrowser()[pri:0, instance:com.actitime.testscript.CreateCustomer@3a6bb9bf]" started-at="2020-09-15T15:29:49 IST" name="closeBrowser" finished-at="1970-01-01T05:30:00 IST" duration-ms="-1600163989827" status="SKIP">
          <reporter-output>
          </reporter-output>
        </test-method> <!-- closeBrowser -->
      </class> <!-- com.actitime.testscript.CreateCustomer -->
    </test> <!-- Default test -->
  </suite> <!-- Default suite -->
</testng-results>
